<?xml version="1.0" encoding="UTF-8"?>
<testng-results skipped="0" failed="0" ignored="0" total="1" passed="1">
  <reporter-output>
  </reporter-output>
  <suite name="Default suite" duration-ms="30518" started-at="2017-02-08T16:30:25Z" finished-at="2017-02-08T16:30:56Z">
    <groups>
    </groups>
    <test name="Default test" duration-ms="30518" started-at="2017-02-08T16:30:25Z" finished-at="2017-02-08T16:30:56Z">
      <class name="scripts.VerifyVersion">
        <test-method status="PASS" signature="preCondition()[pri:0, instance:scripts.VerifyVersion@2a5ca609]" name="preCondition" is-config="true" duration-ms="22013" started-at="2017-02-08T22:00:25Z" finished-at="2017-02-08T22:00:47Z">
          <reporter-output>
          </reporter-output>
        </test-method> <!-- preCondition -->
        <test-method status="PASS" signature="testVerifyVersion()[pri:0, instance:scripts.VerifyVersion@2a5ca609]" name="testVerifyVersion" duration-ms="8455" started-at="2017-02-08T22:00:47Z" finished-at="2017-02-08T22:00:56Z">
          <reporter-output>
          </reporter-output>
        </test-method> <!-- testVerifyVersion -->
        <test-method status="PASS" signature="postCondition()[pri:0, instance:scripts.VerifyVersion@2a5ca609]" name="postCondition" is-config="true" duration-ms="10" started-at="2017-02-08T22:00:56Z" finished-at="2017-02-08T22:00:56Z">
          <reporter-output>
          </reporter-output>
        </test-method> <!-- postCondition -->
      </class> <!-- scripts.VerifyVersion -->
    </test> <!-- Default test -->
  </suite> <!-- Default suite -->
</testng-results>
